<?xml version="1.0" encoding="UTF-8"?>
<testng-results ignored="0" total="8" passed="8" failed="0" skipped="0">
  <reporter-output>
  </reporter-output>
  <suite started-at="2023-04-16T21:30:21 IST" name="Default suite" finished-at="2023-04-16T21:30:36 IST" duration-ms="15436">
    <groups>
    </groups>
    <test started-at="2023-04-16T21:30:21 IST" name="Default test" finished-at="2023-04-16T21:30:36 IST" duration-ms="15436">
      <class name="RUNNER.Writer">
        <test-method is-config="true" signature="opener()[pri:0, instance:RUNNER.Writer@449a4f23]" started-at="2023-04-16T21:30:21 IST" name="opener" finished-at="2023-04-16T21:30:28 IST" duration-ms="7152" status="PASS">
          <reporter-output>
          </reporter-output>
        </test-method> <!-- opener -->
        <test-method signature="filler(java.lang.String,java.lang.String,java.lang.String)[pri:0, instance:RUNNER.Writer@449a4f23]" started-at="2023-04-16T21:30:29 IST" name="filler" data-provider="data" finished-at="2023-04-16T21:30:30 IST" duration-ms="852" status="PASS">
          <params>
            <param index="0">
              <value>
                <![CDATA[1.0]]>
              </value>
            </param>
            <param index="1">
              <value>
                <![CDATA[https://www.aakash.ac.in/]]>
              </value>
            </param>
            <param index="2">
              <value>
                <![CDATA[1. Launch The Browser And Navigate to Aakash ]]>
              </value>
            </param>
          </params>
          <reporter-output>
          </reporter-output>
        </test-method> <!-- filler -->
        <test-method signature="filler(java.lang.String,java.lang.String,java.lang.String)[pri:0, instance:RUNNER.Writer@449a4f23]" started-at="2023-04-16T21:30:30 IST" name="filler" data-provider="data" finished-at="2023-04-16T21:30:31 IST" duration-ms="754" status="PASS">
          <params>
            <param index="0">
              <value>
                <![CDATA[A2+1]]>
              </value>
            </param>
            <param index="1">
              <value>
                <![CDATA[N/A]]>
              </value>
            </param>
            <param index="2">
              <value>
                <![CDATA[Verify if Aakash image is displayed ]]>
              </value>
            </param>
          </params>
          <reporter-output>
          </reporter-output>
        </test-method> <!-- filler -->
        <test-method signature="filler(java.lang.String,java.lang.String,java.lang.String)[pri:0, instance:RUNNER.Writer@449a4f23]" started-at="2023-04-16T21:30:31 IST" name="filler" data-provider="data" finished-at="2023-04-16T21:30:32 IST" duration-ms="958" status="PASS">
          <params>
            <param index="0">
              <value>
                <![CDATA[A3+1]]>
              </value>
            </param>
            <param index="1">
              <value>
                <![CDATA[N/A]]>
              </value>
            </param>
            <param index="2">
              <value>
                <![CDATA[Browser window scroll vertically till Frequently Asked Questions text is visible on page ]]>
              </value>
            </param>
          </params>
          <reporter-output>
          </reporter-output>
        </test-method> <!-- filler -->
        <test-method signature="filler(java.lang.String,java.lang.String,java.lang.String)[pri:0, instance:RUNNER.Writer@449a4f23]" started-at="2023-04-16T21:30:32 IST" name="filler" data-provider="data" finished-at="2023-04-16T21:30:33 IST" duration-ms="844" status="PASS">
          <params>
            <param index="0">
              <value>
                <![CDATA[A4+1]]>
              </value>
            </param>
            <param index="1">
              <value>
                <![CDATA[N/A]]>
              </value>
            </param>
            <param index="2">
              <value>
                <![CDATA[Start iteration using Social Media Dataprovider ]]>
              </value>
            </param>
          </params>
          <reporter-output>
          </reporter-output>
        </test-method> <!-- filler -->
        <test-method signature="filler(java.lang.String,java.lang.String,java.lang.String)[pri:0, instance:RUNNER.Writer@449a4f23]" started-at="2023-04-16T21:30:33 IST" name="filler" data-provider="data" finished-at="2023-04-16T21:30:34 IST" duration-ms="845" status="PASS">
          <params>
            <param index="0">
              <value>
                <![CDATA[A5+1]]>
              </value>
            </param>
            <param index="1">
              <value>
                <![CDATA[N/A]]>
              </value>
            </param>
            <param index="2">
              <value>
                <![CDATA[Verify if Social Media link is displayed ]]>
              </value>
            </param>
          </params>
          <reporter-output>
          </reporter-output>
        </test-method> <!-- filler -->
        <test-method signature="filler(java.lang.String,java.lang.String,java.lang.String)[pri:0, instance:RUNNER.Writer@449a4f23]" started-at="2023-04-16T21:30:34 IST" name="filler" data-provider="data" finished-at="2023-04-16T21:30:34 IST" duration-ms="823" status="PASS">
          <params>
            <param index="0">
              <value>
                <![CDATA[A6+1]]>
              </value>
            </param>
            <param index="1">
              <value>
                <![CDATA[N/A]]>
              </value>
            </param>
            <param index="2">
              <value>
                <![CDATA[Verify if Social Media link is clickable ]]>
              </value>
            </param>
          </params>
          <reporter-output>
          </reporter-output>
        </test-method> <!-- filler -->
        <test-method signature="filler(java.lang.String,java.lang.String,java.lang.String)[pri:0, instance:RUNNER.Writer@449a4f23]" started-at="2023-04-16T21:30:34 IST" name="filler" data-provider="data" finished-at="2023-04-16T21:30:35 IST" duration-ms="1027" status="PASS">
          <params>
            <param index="0">
              <value>
                <![CDATA[A7+1]]>
              </value>
            </param>
            <param index="1">
              <value>
                <![CDATA[N/A]]>
              </value>
            </param>
            <param index="2">
              <value>
                <![CDATA[End iteration for Social Media Dataprovider ]]>
              </value>
            </param>
          </params>
          <reporter-output>
          </reporter-output>
        </test-method> <!-- filler -->
        <test-method signature="filler(java.lang.String,java.lang.String,java.lang.String)[pri:0, instance:RUNNER.Writer@449a4f23]" started-at="2023-04-16T21:30:35 IST" name="filler" data-provider="data" finished-at="2023-04-16T21:30:36 IST" duration-ms="885" status="PASS">
          <params>
            <param index="0">
              <value>
                <![CDATA[A8+1]]>
              </value>
            </param>
            <param index="1">
              <value>
                <![CDATA[N/A]]>
              </value>
            </param>
            <param index="2">
              <value>
                <![CDATA[Close All Browser Windows]]>
              </value>
            </param>
          </params>
          <reporter-output>
          </reporter-output>
        </test-method> <!-- filler -->
      </class> <!-- RUNNER.Writer -->
    </test> <!-- Default test -->
  </suite> <!-- Default suite -->
</testng-results>
