<?xml version="1.0" encoding="UTF-8"?>
<testng-results ignored="0" total="1" passed="1" failed="0" skipped="0">
  <reporter-output>
  </reporter-output>
  <suite started-at="2023-04-27T13:26:29 IST" name="Default suite" finished-at="2023-04-27T13:27:21 IST" duration-ms="52195">
    <groups>
    </groups>
    <test started-at="2023-04-27T13:26:29 IST" name="Default test" finished-at="2023-04-27T13:27:21 IST" duration-ms="52195">
      <class name="RUNNER.Reader">
        <test-method signature="write()[pri:0, instance:RUNNER.Reader@6bd61f98]" started-at="2023-04-27T13:26:29 IST" name="write" finished-at="2023-04-27T13:27:21 IST" duration-ms="52160" status="PASS">
          <reporter-output>
          </reporter-output>
        </test-method> <!-- write -->
      </class> <!-- RUNNER.Reader -->
    </test> <!-- Default test -->
  </suite> <!-- Default suite -->
</testng-results>
