<?xml version="1.0" encoding="UTF-8"?>
<!-- Generated by org.testng.reporters.JUnitXMLReporter -->
<testsuite ignored="0" hostname="TYSS-Rakesh" failures="0" tests="8" name="Default test" time="15.436" errors="0" timestamp="2023-04-16T21:30:36 IST">
  <testcase classname="RUNNER.Writer" name="filler" time="0.852"/>
  <testcase classname="RUNNER.Writer" name="filler" time="0.754"/>
  <testcase classname="RUNNER.Writer" name="filler" time="0.958"/>
  <testcase classname="RUNNER.Writer" name="filler" time="0.844"/>
  <testcase classname="RUNNER.Writer" name="filler" time="0.845"/>
  <testcase classname="RUNNER.Writer" name="filler" time="0.823"/>
  <testcase classname="RUNNER.Writer" name="filler" time="1.027"/>
  <testcase classname="RUNNER.Writer" name="filler" time="0.885"/>
</testsuite> <!-- Default test -->
