<?xml version="1.0" encoding="UTF-8"?>
<!-- Generated by org.testng.reporters.JUnitXMLReporter -->
<testsuite ignored="0" hostname="TYSS-Rakesh" failures="0" tests="6" name="Default test" time="8.674" errors="0" timestamp="2023-11-16T17:19:57 IST">
  <testcase classname="RUNNER.Writer3" name="filler" time="0.434"/>
  <testcase classname="RUNNER.Writer3" name="filler" time="0.331"/>
  <testcase classname="RUNNER.Writer3" name="filler" time="0.452"/>
  <testcase classname="RUNNER.Writer3" name="filler" time="0.467"/>
  <testcase classname="RUNNER.Writer3" name="filler" time="0.352"/>
  <testcase classname="RUNNER.Writer3" name="filler" time="0.495"/>
</testsuite> <!-- Default test -->
