<?xml version="1.0" encoding="UTF-8"?>
<testng-results ignored="0" total="1" passed="1" failed="0" skipped="0">
  <reporter-output>
  </reporter-output>
  <suite started-at="2023-04-12T06:24:04Z" name="Default suite" finished-at="2023-04-12T06:24:07Z" duration-ms="3040">
    <groups>
    </groups>
    <test started-at="2023-04-12T06:24:04Z" name="Default test" finished-at="2023-04-12T06:24:07Z" duration-ms="3040">
      <class name="rak.openDebuggerChrome">
        <test-method signature="rak()[pri:0, instance:rak.openDebuggerChrome@a3d9978]" started-at="2023-04-12T06:24:04Z" name="rak" finished-at="2023-04-12T06:24:07Z" duration-ms="3021" status="PASS">
          <reporter-output>
          </reporter-output>
        </test-method> <!-- rak -->
      </class> <!-- rak.openDebuggerChrome -->
    </test> <!-- Default test -->
  </suite> <!-- Default suite -->
</testng-results>
