<?xml version="1.0" encoding="UTF-8"?>
<testng-results ignored="0" total="1" passed="1" failed="0" skipped="0">
  <reporter-output>
  </reporter-output>
  <suite started-at="2023-11-22T18:51:50 IST" name="Default suite" finished-at="2023-11-22T18:51:59 IST" duration-ms="8265">
    <groups>
    </groups>
    <test started-at="2023-11-22T18:51:50 IST" name="Default test" finished-at="2023-11-22T18:51:59 IST" duration-ms="8265">
      <class name="com.ff.wishlist.TC001Test">
        <test-method is-config="true" signature="SetUpReport()[pri:0, instance:com.ff.wishlist.TC001Test@53aac487]" started-at="2023-11-22T18:51:50 IST" name="SetUpReport" finished-at="2023-11-22T18:51:50 IST" duration-ms="387" status="PASS">
          <reporter-output>
          </reporter-output>
        </test-method> <!-- SetUpReport -->
        <test-method is-config="true" signature="BrowserSetUp()[pri:0, instance:com.ff.wishlist.TC001Test@53aac487]" started-at="2023-11-22T18:51:51 IST" name="BrowserSetUp" finished-at="2023-11-22T18:51:55 IST" duration-ms="4833" status="PASS">
          <reporter-output>
          </reporter-output>
        </test-method> <!-- BrowserSetUp -->
        <test-method is-config="true" signature="login()[pri:0, instance:com.ff.wishlist.TC001Test@53aac487]" started-at="2023-11-22T18:51:55 IST" name="login" finished-at="2023-11-22T18:51:58 IST" duration-ms="2214" status="PASS">
          <reporter-output>
          </reporter-output>
        </test-method> <!-- login -->
        <test-method signature="demo()[pri:0, instance:com.ff.wishlist.TC001Test@53aac487]" started-at="2023-11-22T18:51:58 IST" name="demo" finished-at="2023-11-22T18:51:58 IST" duration-ms="15" status="PASS">
          <reporter-output>
          </reporter-output>
        </test-method> <!-- demo -->
        <test-method is-config="true" signature="logout()[pri:0, instance:com.ff.wishlist.TC001Test@53aac487]" started-at="2023-11-22T18:51:58 IST" name="logout" finished-at="2023-11-22T18:51:59 IST" duration-ms="926" status="PASS">
          <reporter-output>
          </reporter-output>
        </test-method> <!-- logout -->
        <test-method is-config="true" signature="BrowserTearDown()[pri:0, instance:com.ff.wishlist.TC001Test@53aac487]" started-at="2023-11-22T18:51:59 IST" name="BrowserTearDown" finished-at="2023-11-22T18:51:59 IST" duration-ms="214" status="PASS">
          <reporter-output>
          </reporter-output>
        </test-method> <!-- BrowserTearDown -->
        <test-method is-config="true" signature="FlushReport()[pri:0, instance:com.ff.wishlist.TC001Test@53aac487]" started-at="2023-11-22T18:51:59 IST" name="FlushReport" finished-at="2023-11-22T18:51:59 IST" duration-ms="532" status="PASS">
          <reporter-output>
          </reporter-output>
        </test-method> <!-- FlushReport -->
      </class> <!-- com.ff.wishlist.TC001Test -->
    </test> <!-- Default test -->
  </suite> <!-- Default suite -->
</testng-results>
